<?xml version="1.0" encoding="UTF-8"?>
<!-- Generated by org.testng.reporters.JUnitReportReporter -->
<testsuite hostname="IT-DEV-22" failures="0" tests="1" name="bankAlEtihadECC.tests.OutwardChequesTest" time="69.221" errors="0" timestamp="2024-03-05T09:35:28 AST" skipped="0">
  <testcase classname="bankAlEtihadECC.tests.OutwardChequesTest" name="repairCheques" time="69.221"/>
</testsuite> <!-- bankAlEtihadECC.tests.OutwardChequesTest -->
