<?xml version="1.0" encoding="UTF-8"?>
<!-- Generated by org.testng.reporters.JUnitReportReporter -->
<testsuite hostname="IT-DEV-22" failures="0" tests="2" name="bankAlEtihadECC.tests.OutwardChequesTest" time="112.658" errors="0" timestamp="2024-03-04T15:55:30 AST" skipped="0">
  <testcase classname="bankAlEtihadECC.tests.OutwardChequesTest" name="outwardChequesTest" time="54.766"/>
  <testcase classname="bankAlEtihadECC.tests.OutwardChequesTest" name="repairCheques" time="57.892"/>
</testsuite> <!-- bankAlEtihadECC.tests.OutwardChequesTest -->
